This is pdfTeX, Version 3.141592653-2.6-1.40.25 (TeX Live 2023) (preloaded format=pdflatex 2023.3.30)  20 JUN 2026 19:04
entering extended mode
 restricted \write18 enabled.
 file:line:error style messages enabled.
 %&-line parsing enabled.
**manuscript_AP_RML.tex
(./manuscript_AP_RML.tex
LaTeX2e <2022-11-01> patch level 1
L3 programming layer <2023-02-22>
(/usr/local/texlive/2023/texmf-dist/tex/latex/base/article.cls
Document Class: article 2022/07/02 v1.4n Standard LaTeX document class
(/usr/local/texlive/2023/texmf-dist/tex/latex/base/size11.clo
File: size11.clo 2022/07/02 v1.4n Standard LaTeX file (size option)
)
\c@part=\count185
\c@section=\count186
\c@subsection=\count187
\c@subsubsection=\count188
\c@paragraph=\count189
\c@subparagraph=\count190
\c@figure=\count191
\c@table=\count192
\abovecaptionskip=\skip48
\belowcaptionskip=\skip49
\bibindent=\dimen140
)
(/usr/local/texlive/2023/texmf-dist/tex/latex/graphics/graphicx.sty
Package: graphicx 2021/09/16 v1.2d Enhanced LaTeX Graphics (DPC,SPQR)

(/usr/local/texlive/2023/texmf-dist/tex/latex/graphics/keyval.sty
Package: keyval 2022/05/29 v1.15 key=value parser (DPC)
\KV@toks@=\toks16
)
(/usr/local/texlive/2023/texmf-dist/tex/latex/graphics/graphics.sty
Package: graphics 2022/03/10 v1.4e Standard LaTeX Graphics (DPC,SPQR)

(/usr/local/texlive/2023/texmf-dist/tex/latex/graphics/trig.sty
Package: trig 2021/08/11 v1.11 sin cos tan (DPC)
)
(/usr/local/texlive/2023/texmf-dist/tex/latex/graphics-cfg/graphics.cfg
File: graphics.cfg 2016/06/04 v1.11 sample graphics configuration
)
Package graphics Info: Driver file: pdftex.def on input line 107.

(/usr/local/texlive/2023/texmf-dist/tex/latex/graphics-def/pdftex.def
File: pdftex.def 2022/09/22 v1.2b Graphics/color driver for pdftex
))
\Gin@req@height=\dimen141
\Gin@req@width=\dimen142
)
(/usr/local/texlive/2023/texmf-dist/tex/latex/epstopdf-pkg/epstopdf.sty
Package: epstopdf 2020-01-24 v2.11 Conversion with epstopdf on the fly (HO)

(/usr/local/texlive/2023/texmf-dist/tex/generic/infwarerr/infwarerr.sty
Package: infwarerr 2019/12/03 v1.5 Providing info/warning/error messages (HO)
)
(/usr/local/texlive/2023/texmf-dist/tex/latex/grfext/grfext.sty
Package: grfext 2019/12/03 v1.3 Manage graphics extensions (HO)

(/usr/local/texlive/2023/texmf-dist/tex/generic/kvdefinekeys/kvdefinekeys.sty
Package: kvdefinekeys 2019-12-19 v1.6 Define keys (HO)
)) (/usr/local/texlive/2023/texmf-dist/tex/latex/kvoptions/kvoptions.sty
Package: kvoptions 2022-06-15 v3.15 Key value format for package options (HO)

(/usr/local/texlive/2023/texmf-dist/tex/generic/ltxcmds/ltxcmds.sty
Package: ltxcmds 2020-05-10 v1.25 LaTeX kernel commands for general use (HO)
)
(/usr/local/texlive/2023/texmf-dist/tex/latex/kvsetkeys/kvsetkeys.sty
Package: kvsetkeys 2022-10-05 v1.19 Key value parser (HO)
))
(/usr/local/texlive/2023/texmf-dist/tex/generic/pdftexcmds/pdftexcmds.sty
Package: pdftexcmds 2020-06-27 v0.33 Utility functions of pdfTeX for LuaTeX (HO
)

(/usr/local/texlive/2023/texmf-dist/tex/generic/iftex/iftex.sty
Package: iftex 2022/02/03 v1.0f TeX engine tests
)
Package pdftexcmds Info: \pdf@primitive is available.
Package pdftexcmds Info: \pdf@ifprimitive is available.
Package pdftexcmds Info: \pdfdraftmode found.
)
(/usr/local/texlive/2023/texmf-dist/tex/latex/epstopdf-pkg/epstopdf-base.sty
Package: epstopdf-base 2020-01-24 v2.11 Base part for package epstopdf
Package epstopdf-base Info: Redefining graphics rule for `.eps' on input line 4
85.
Package grfext Info: Graphics extension search list:
(grfext)             [.pdf,.png,.jpg,.mps,.jpeg,.jbig2,.jb2,.PDF,.PNG,.JPG,.JPE
G,.JBIG2,.JB2,.eps]
(grfext)             \AppendGraphicsExtensions on input line 504.

(/usr/local/texlive/2023/texmf-dist/tex/latex/latexconfig/epstopdf-sys.cfg
File: epstopdf-sys.cfg 2010/07/13 v1.3 Configuration of (r)epstopdf for TeX Liv
e
)))
(/usr/local/texlive/2023/texmf-dist/tex/latex/amsfonts/amssymb.sty
Package: amssymb 2013/01/14 v3.01 AMS font symbols

(/usr/local/texlive/2023/texmf-dist/tex/latex/amsfonts/amsfonts.sty
Package: amsfonts 2013/01/14 v3.01 Basic AMSFonts support
\@emptytoks=\toks17
\symAMSa=\mathgroup4
\symAMSb=\mathgroup5
LaTeX Font Info:    Redeclaring math symbol \hbar on input line 98.
LaTeX Font Info:    Overwriting math alphabet `\mathfrak' in version `bold'
(Font)                  U/euf/m/n --> U/euf/b/n on input line 106.
))
(/usr/local/texlive/2023/texmf-dist/tex/latex/amsmath/amsmath.sty
Package: amsmath 2022/04/08 v2.17n AMS math features
\@mathmargin=\skip50

For additional information on amsmath, use the `?' option.
(/usr/local/texlive/2023/texmf-dist/tex/latex/amsmath/amstext.sty
Package: amstext 2021/08/26 v2.01 AMS text

(/usr/local/texlive/2023/texmf-dist/tex/latex/amsmath/amsgen.sty
File: amsgen.sty 1999/11/30 v2.0 generic functions
\@emptytoks=\toks18
\ex@=\dimen143
))
(/usr/local/texlive/2023/texmf-dist/tex/latex/amsmath/amsbsy.sty
Package: amsbsy 1999/11/29 v1.2d Bold Symbols
\pmbraise@=\dimen144
)
(/usr/local/texlive/2023/texmf-dist/tex/latex/amsmath/amsopn.sty
Package: amsopn 2022/04/08 v2.04 operator names
)
\inf@bad=\count193
LaTeX Info: Redefining \frac on input line 234.
\uproot@=\count194
\leftroot@=\count195
LaTeX Info: Redefining \overline on input line 399.
LaTeX Info: Redefining \colon on input line 410.
\classnum@=\count196
\DOTSCASE@=\count197
LaTeX Info: Redefining \ldots on input line 496.
LaTeX Info: Redefining \dots on input line 499.
LaTeX Info: Redefining \cdots on input line 620.
\Mathstrutbox@=\box51
\strutbox@=\box52
LaTeX Info: Redefining \big on input line 722.
LaTeX Info: Redefining \Big on input line 723.
LaTeX Info: Redefining \bigg on input line 724.
LaTeX Info: Redefining \Bigg on input line 725.
\big@size=\dimen145
LaTeX Font Info:    Redeclaring font encoding OML on input line 743.
LaTeX Font Info:    Redeclaring font encoding OMS on input line 744.
\macc@depth=\count198
LaTeX Info: Redefining \bmod on input line 905.
LaTeX Info: Redefining \pmod on input line 910.
LaTeX Info: Redefining \smash on input line 940.
LaTeX Info: Redefining \relbar on input line 970.
LaTeX Info: Redefining \Relbar on input line 971.
\c@MaxMatrixCols=\count199
\dotsspace@=\muskip16
\c@parentequation=\count266
\dspbrk@lvl=\count267
\tag@help=\toks19
\row@=\count268
\column@=\count269
\maxfields@=\count270
\andhelp@=\toks20
\eqnshift@=\dimen146
\alignsep@=\dimen147
\tagshift@=\dimen148
\tagwidth@=\dimen149
\totwidth@=\dimen150
\lineht@=\dimen151
\@envbody=\toks21
\multlinegap=\skip51
\multlinetaggap=\skip52
\mathdisplay@stack=\toks22
LaTeX Info: Redefining \[ on input line 2953.
LaTeX Info: Redefining \] on input line 2954.
)
(/usr/local/texlive/2023/texmf-dist/tex/latex/amscls/amsthm.sty
Package: amsthm 2020/05/29 v2.20.6
\thm@style=\toks23
\thm@bodyfont=\toks24
\thm@headfont=\toks25
\thm@notefont=\toks26
\thm@headpunct=\toks27
\thm@preskip=\skip53
\thm@postskip=\skip54
\thm@headsep=\skip55
\dth@everypar=\toks28
)
(/usr/local/texlive/2023/texmf-dist/tex/latex/graphics/color.sty
Package: color 2022/01/06 v1.3d Standard LaTeX Color (DPC)

(/usr/local/texlive/2023/texmf-dist/tex/latex/graphics-cfg/color.cfg
File: color.cfg 2016/01/02 v1.6 sample color configuration
)
Package color Info: Driver file: pdftex.def on input line 149.

(/usr/local/texlive/2023/texmf-dist/tex/latex/graphics/mathcolor.ltx))
(/usr/local/texlive/2023/texmf-dist/tex/latex/geometry/geometry.sty
Package: geometry 2020/01/02 v5.9 Page Geometry

(/usr/local/texlive/2023/texmf-dist/tex/generic/iftex/ifvtex.sty
Package: ifvtex 2019/10/25 v1.7 ifvtex legacy package. Use iftex instead.
)
\Gm@cnth=\count271
\Gm@cntv=\count272
\c@Gm@tempcnt=\count273
\Gm@bindingoffset=\dimen152
\Gm@wd@mp=\dimen153
\Gm@odd@mp=\dimen154
\Gm@even@mp=\dimen155
\Gm@layoutwidth=\dimen156
\Gm@layoutheight=\dimen157
\Gm@layouthoffset=\dimen158
\Gm@layoutvoffset=\dimen159
\Gm@dimlist=\toks29
)
(/usr/local/texlive/2023/texmf-dist/tex/latex/hyperref/hyperref.sty
Package: hyperref 2023-02-07 v7.00v Hypertext links for LaTeX

(/usr/local/texlive/2023/texmf-dist/tex/generic/pdfescape/pdfescape.sty
Package: pdfescape 2019/12/09 v1.15 Implements pdfTeX's escape features (HO)
)
(/usr/local/texlive/2023/texmf-dist/tex/latex/hycolor/hycolor.sty
Package: hycolor 2020-01-27 v1.10 Color options for hyperref/bookmark (HO)
)
(/usr/local/texlive/2023/texmf-dist/tex/latex/letltxmacro/letltxmacro.sty
Package: letltxmacro 2019/12/03 v1.6 Let assignment for LaTeX macros (HO)
)
(/usr/local/texlive/2023/texmf-dist/tex/latex/auxhook/auxhook.sty
Package: auxhook 2019-12-17 v1.6 Hooks for auxiliary files (HO)
)
(/usr/local/texlive/2023/texmf-dist/tex/latex/hyperref/nameref.sty
Package: nameref 2022-05-17 v2.50 Cross-referencing by name of section

(/usr/local/texlive/2023/texmf-dist/tex/latex/refcount/refcount.sty
Package: refcount 2019/12/15 v3.6 Data extraction from label references (HO)
)
(/usr/local/texlive/2023/texmf-dist/tex/generic/gettitlestring/gettitlestring.s
ty
Package: gettitlestring 2019/12/15 v1.6 Cleanup title references (HO)
)
\c@section@level=\count274
)
\@linkdim=\dimen160
\Hy@linkcounter=\count275
\Hy@pagecounter=\count276
 (/usr/local/texlive/2023/texmf-dist/tex/latex/hyperref/pd1enc.def
File: pd1enc.def 2023-02-07 v7.00v Hyperref: PDFDocEncoding definition (HO)
Now handling font encoding PD1 ...
... no UTF-8 mapping file for font encoding PD1
)
(/usr/local/texlive/2023/texmf-dist/tex/generic/intcalc/intcalc.sty
Package: intcalc 2019/12/15 v1.3 Expandable calculations with integers (HO)
)
(/usr/local/texlive/2023/texmf-dist/tex/generic/etexcmds/etexcmds.sty
Package: etexcmds 2019/12/15 v1.7 Avoid name clashes with e-TeX commands (HO)
)
\Hy@SavedSpaceFactor=\count277

(/usr/local/texlive/2023/texmf-dist/tex/latex/hyperref/puenc.def
File: puenc.def 2023-02-07 v7.00v Hyperref: PDF Unicode definition (HO)
Now handling font encoding PU ...
... no UTF-8 mapping file for font encoding PU
)
Package hyperref Info: Hyper figures OFF on input line 4177.
Package hyperref Info: Link nesting OFF on input line 4182.
Package hyperref Info: Hyper index ON on input line 4185.
Package hyperref Info: Plain pages OFF on input line 4192.
Package hyperref Info: Backreferencing OFF on input line 4197.
Package hyperref Info: Implicit mode ON; LaTeX internals redefined.
Package hyperref Info: Bookmarks ON on input line 4425.
\c@Hy@tempcnt=\count278

(/usr/local/texlive/2023/texmf-dist/tex/latex/url/url.sty
\Urlmuskip=\muskip17
Package: url 2013/09/16  ver 3.4  Verb mode for urls, etc.
)
LaTeX Info: Redefining \url on input line 4763.
\XeTeXLinkMargin=\dimen161

(/usr/local/texlive/2023/texmf-dist/tex/generic/bitset/bitset.sty
Package: bitset 2019/12/09 v1.3 Handle bit-vector datatype (HO)

(/usr/local/texlive/2023/texmf-dist/tex/generic/bigintcalc/bigintcalc.sty
Package: bigintcalc 2019/12/15 v1.5 Expandable calculations on big integers (HO
)
))
\Fld@menulength=\count279
\Field@Width=\dimen162
\Fld@charsize=\dimen163
Package hyperref Info: Hyper figures OFF on input line 6042.
Package hyperref Info: Link nesting OFF on input line 6047.
Package hyperref Info: Hyper index ON on input line 6050.
Package hyperref Info: backreferencing OFF on input line 6057.
Package hyperref Info: Link coloring OFF on input line 6062.
Package hyperref Info: Link coloring with OCG OFF on input line 6067.
Package hyperref Info: PDF/A mode OFF on input line 6072.

(/usr/local/texlive/2023/texmf-dist/tex/latex/base/atbegshi-ltx.sty
Package: atbegshi-ltx 2021/01/10 v1.0c Emulation of the original atbegshi
package with kernel methods
)
\Hy@abspage=\count280
\c@Item=\count281
\c@Hfootnote=\count282
)
Package hyperref Info: Driver (autodetected): hpdftex.

(/usr/local/texlive/2023/texmf-dist/tex/latex/hyperref/hpdftex.def
File: hpdftex.def 2023-02-07 v7.00v Hyperref driver for pdfTeX

(/usr/local/texlive/2023/texmf-dist/tex/latex/base/atveryend-ltx.sty
Package: atveryend-ltx 2020/08/19 v1.0a Emulation of the original atveryend pac
kage
with kernel methods
)
\Fld@listcount=\count283
\c@bookmark@seq@number=\count284

(/usr/local/texlive/2023/texmf-dist/tex/latex/rerunfilecheck/rerunfilecheck.sty
Package: rerunfilecheck 2022-07-10 v1.10 Rerun checks for auxiliary files (HO)

(/usr/local/texlive/2023/texmf-dist/tex/generic/uniquecounter/uniquecounter.sty
Package: uniquecounter 2019/12/15 v1.4 Provide unlimited unique counter (HO)
)
Package uniquecounter Info: New unique counter `rerunfilecheck' on input line 2
85.
)
\Hy@SectionHShift=\skip56
) (/usr/local/texlive/2023/texmf-dist/tex/latex/booktabs/booktabs.sty
Package: booktabs 2020/01/12 v1.61803398 Publication quality tables
\heavyrulewidth=\dimen164
\lightrulewidth=\dimen165
\cmidrulewidth=\dimen166
\belowrulesep=\dimen167
\belowbottomsep=\dimen168
\aboverulesep=\dimen169
\abovetopsep=\dimen170
\cmidrulesep=\dimen171
\cmidrulekern=\dimen172
\defaultaddspace=\dimen173
\@cmidla=\count285
\@cmidlb=\count286
\@aboverulesep=\dimen174
\@belowrulesep=\dimen175
\@thisruleclass=\count287
\@lastruleclass=\count288
\@thisrulewidth=\dimen176
)
\c@theorem=\count289
\c@lemma=\count290
\c@proposition=\count291
\c@remark=\count292
\c@assumption=\count293

(/usr/local/texlive/2023/texmf-dist/tex/latex/l3backend/l3backend-pdftex.def
File: l3backend-pdftex.def 2023-01-16 L3 backend support: PDF output (pdfTeX)
\l__color_backend_stack_int=\count294
\l__pdf_internal_box=\box53
)
(./manuscript_AP_RML.aux)
\openout1 = `manuscript_AP_RML.aux'.

LaTeX Font Info:    Checking defaults for OML/cmm/m/it on input line 59.
LaTeX Font Info:    ... okay on input line 59.
LaTeX Font Info:    Checking defaults for OMS/cmsy/m/n on input line 59.
LaTeX Font Info:    ... okay on input line 59.
LaTeX Font Info:    Checking defaults for OT1/cmr/m/n on input line 59.
LaTeX Font Info:    ... okay on input line 59.
LaTeX Font Info:    Checking defaults for T1/cmr/m/n on input line 59.
LaTeX Font Info:    ... okay on input line 59.
LaTeX Font Info:    Checking defaults for TS1/cmr/m/n on input line 59.
LaTeX Font Info:    ... okay on input line 59.
LaTeX Font Info:    Checking defaults for OMX/cmex/m/n on input line 59.
LaTeX Font Info:    ... okay on input line 59.
LaTeX Font Info:    Checking defaults for U/cmr/m/n on input line 59.
LaTeX Font Info:    ... okay on input line 59.
LaTeX Font Info:    Checking defaults for PD1/pdf/m/n on input line 59.
LaTeX Font Info:    ... okay on input line 59.
LaTeX Font Info:    Checking defaults for PU/pdf/m/n on input line 59.
LaTeX Font Info:    ... okay on input line 59.

(/usr/local/texlive/2023/texmf-dist/tex/context/base/mkii/supp-pdf.mkii
[Loading MPS to PDF converter (version 2006.09.02).]
\scratchcounter=\count295
\scratchdimen=\dimen177
\scratchbox=\box54
\nofMPsegments=\count296
\nofMParguments=\count297
\everyMPshowfont=\toks30
\MPscratchCnt=\count298
\MPscratchDim=\dimen178
\MPnumerator=\count299
\makeMPintoPDFobject=\count300
\everyMPtoPDFconversion=\toks31
)
*geometry* driver: auto-detecting
*geometry* detected driver: pdftex
*geometry* verbose mode - [ preamble ] result:
* driver: pdftex
* paper: <default>
* layout: <same size as paper>
* layoutoffset:(h,v)=(0.0pt,0.0pt)
* modes: 
* h-part:(L,W,R)=(72.26999pt, 469.75502pt, 72.26999pt)
* v-part:(T,H,B)=(72.26999pt, 650.43001pt, 72.26999pt)
* \paperwidth=614.295pt
* \paperheight=794.96999pt
* \textwidth=469.75502pt
* \textheight=650.43001pt
* \oddsidemargin=0.0pt
* \evensidemargin=0.0pt
* \topmargin=-37.0pt
* \headheight=12.0pt
* \headsep=25.0pt
* \topskip=11.0pt
* \footskip=30.0pt
* \marginparwidth=59.0pt
* \marginparsep=10.0pt
* \columnsep=10.0pt
* \skip\footins=10.0pt plus 4.0pt minus 2.0pt
* \hoffset=0.0pt
* \voffset=0.0pt
* \mag=1000
* \@twocolumnfalse
* \@twosidefalse
* \@mparswitchfalse
* \@reversemarginfalse
* (1in=72.27pt=25.4mm, 1cm=28.453pt)

Package hyperref Info: Link coloring OFF on input line 59.
(./manuscript_AP_RML.out) (./manuscript_AP_RML.out)
\@outlinefile=\write3
\openout3 = `manuscript_AP_RML.out'.

LaTeX Font Info:    Trying to load font information for U+msa on input line 62.


(/usr/local/texlive/2023/texmf-dist/tex/latex/amsfonts/umsa.fd
File: umsa.fd 2013/01/14 v3.01 AMS symbols A
)
LaTeX Font Info:    Trying to load font information for U+msb on input line 62.


(/usr/local/texlive/2023/texmf-dist/tex/latex/amsfonts/umsb.fd
File: umsb.fd 2013/01/14 v3.01 AMS symbols B
) [1

{/usr/local/texlive/2023/texmf-var/fonts/map/pdftex/updmap/pdftex.map}{/usr/loc
al/texlive/2023/texmf-dist/fonts/enc/dvips/cm-super/cm-super-ts1.enc}] [2] [3] 
[4] [5]
Overfull \hbox (7.2022pt too wide) in paragraph at lines 521--525
\OT1/cmr/m/n/10.95 the dis-crete ef-fec-tive Hamil-to-nian $\OMS/cmsy/m/n/10.95
 H[]\OT1/cmr/m/n/10.95 ([][](\OML/cmm/m/it/10.95 t\OT1/cmr/m/n/10.95 ))$, which
 ap-prox-i-mates the prin-ci-pal eigen-value $\OMS/cmsy/m/n/10.95 H\OT1/cmr/m/n
/10.95 (\OML/cmm/m/it/10.95 ^^R[]; ^^Z[]\OT1/cmr/m/n/10.95 (\OML/cmm/m/it/10.95
 t\OT1/cmr/m/n/10.95 ))$
 []

[6] [7] [8] [9] [10]
Overfull \hbox (5.41478pt too wide) in paragraph at lines 1198--1202
\OT1/cmr/m/n/10.95 Passing to the limit in the sta-tion-ary phase equa-tion giv
es the lim-it-ing dis-crete con-strained Hamilton--
 []

[11] [12] [13]
Package epstopdf Info: Source file: <R_vs_rho_1.eps>
(epstopdf)                    date: 2026-06-08 17:11:19
(epstopdf)                    size: 102434 bytes
(epstopdf)             Output file: <R_vs_rho_1-eps-converted-to.pdf>
(epstopdf)                    date: 2026-06-10 20:47:13
(epstopdf)                    size: 96362 bytes
(epstopdf)             Command: <repstopdf --outfile=R_vs_rho_1-eps-converted-t
o.pdf R_vs_rho_1.eps>
(epstopdf)             \includegraphics on input line 1501.
Package epstopdf Info: Output file is already uptodate.
<R_vs_rho_1-eps-converted-to.pdf, id=323, 903.375pt x 602.25pt>
File: R_vs_rho_1-eps-converted-to.pdf Graphic file (type pdf)
<use R_vs_rho_1-eps-converted-to.pdf>
Package pdftex.def Info: R_vs_rho_1-eps-converted-to.pdf  used on input line 15
01.
(pdftex.def)             Requested size: 230.18253pt x 153.45685pt.
Package epstopdf Info: Source file: <R_vs_rho_2.eps>
(epstopdf)                    date: 2026-06-08 19:30:50
(epstopdf)                    size: 106423 bytes
(epstopdf)             Output file: <R_vs_rho_2-eps-converted-to.pdf>
(epstopdf)                    date: 2026-06-10 20:47:13
(epstopdf)                    size: 101893 bytes
(epstopdf)             Command: <repstopdf --outfile=R_vs_rho_2-eps-converted-t
o.pdf R_vs_rho_2.eps>
(epstopdf)             \includegraphics on input line 1502.
Package epstopdf Info: Output file is already uptodate.
<R_vs_rho_2-eps-converted-to.pdf, id=324, 903.375pt x 602.25pt>
File: R_vs_rho_2-eps-converted-to.pdf Graphic file (type pdf)
<use R_vs_rho_2-eps-converted-to.pdf>
Package pdftex.def Info: R_vs_rho_2-eps-converted-to.pdf  used on input line 15
02.
(pdftex.def)             Requested size: 230.18253pt x 153.45685pt.
Package epstopdf Info: Source file: <rho_n_vs_wkb_10.eps>
(epstopdf)                    date: 2026-06-18 18:28:13
(epstopdf)                    size: 119809 bytes
(epstopdf)             Output file: <rho_n_vs_wkb_10-eps-converted-to.pdf>
(epstopdf)                    date: 2026-06-18 18:28:19
(epstopdf)                    size: 55603 bytes
(epstopdf)             Command: <repstopdf --outfile=rho_n_vs_wkb_10-eps-conver
ted-to.pdf rho_n_vs_wkb_10.eps>
(epstopdf)             \includegraphics on input line 1532.
Package epstopdf Info: Output file is already uptodate.
<rho_n_vs_wkb_10-eps-converted-to.pdf, id=330, 654.445pt x 412.54124pt>
File: rho_n_vs_wkb_10-eps-converted-to.pdf Graphic file (type pdf)
<use rho_n_vs_wkb_10-eps-converted-to.pdf>
Package pdftex.def Info: rho_n_vs_wkb_10-eps-converted-to.pdf  used on input li
ne 1532.
(pdftex.def)             Requested size: 230.18253pt x 145.09662pt.
Package epstopdf Info: Source file: <pk_n_vs_wkb_10.eps>
(epstopdf)                    date: 2026-06-18 17:40:40
(epstopdf)                    size: 223987 bytes
(epstopdf)             Output file: <pk_n_vs_wkb_10-eps-converted-to.pdf>
(epstopdf)                    date: 2026-06-18 17:54:08
(epstopdf)                    size: 89867 bytes
(epstopdf)             Command: <repstopdf --outfile=pk_n_vs_wkb_10-eps-convert
ed-to.pdf pk_n_vs_wkb_10.eps>
(epstopdf)             \includegraphics on input line 1533.
Package epstopdf Info: Output file is already uptodate.
<pk_n_vs_wkb_10-eps-converted-to.pdf, id=331, 654.445pt x 412.54124pt>
File: pk_n_vs_wkb_10-eps-converted-to.pdf Graphic file (type pdf)
<use pk_n_vs_wkb_10-eps-converted-to.pdf>
Package pdftex.def Info: pk_n_vs_wkb_10-eps-converted-to.pdf  used on input lin
e 1533.
(pdftex.def)             Requested size: 230.18253pt x 145.09662pt.
 [14] [15 <./R_vs_rho_1-eps-converted-to.pdf> <./R_vs_rho_2-eps-converted-to.pd
f> <./rho_n_vs_wkb_10-eps-converted-to.pdf> <./pk_n_vs_wkb_10-eps-converted-to.
pdf>]
Package epstopdf Info: Source file: <long_time_con.eps>
(epstopdf)                    date: 2026-06-18 17:30:23
(epstopdf)                    size: 1365174 bytes
(epstopdf)             Output file: <long_time_con-eps-converted-to.pdf>
(epstopdf)                    date: 2026-06-18 17:54:09
(epstopdf)                    size: 340130 bytes
(epstopdf)             Command: <repstopdf --outfile=long_time_con-eps-converte
d-to.pdf long_time_con.eps>
(epstopdf)             \includegraphics on input line 1596.
Package epstopdf Info: Output file is already uptodate.
<long_time_con-eps-converted-to.pdf, id=360, 762.85pt x 521.95pt>
File: long_time_con-eps-converted-to.pdf Graphic file (type pdf)
<use long_time_con-eps-converted-to.pdf>
Package pdftex.def Info: long_time_con-eps-converted-to.pdf  used on input line
 1596.
(pdftex.def)             Requested size: 225.4804pt x 154.27655pt.
Package epstopdf Info: Source file: <long_time_con_eps.eps>
(epstopdf)                    date: 2026-06-18 17:36:27
(epstopdf)                    size: 241066 bytes
(epstopdf)             Output file: <long_time_con_eps-eps-converted-to.pdf>
(epstopdf)                    date: 2026-06-18 17:54:09
(epstopdf)                    size: 79126 bytes
(epstopdf)             Command: <repstopdf --outfile=long_time_con_eps-eps-conv
erted-to.pdf long_time_con_eps.eps>
(epstopdf)             \includegraphics on input line 1597.
Package epstopdf Info: Output file is already uptodate.
<long_time_con_eps-eps-converted-to.pdf, id=361, 762.85pt x 521.95pt>
File: long_time_con_eps-eps-converted-to.pdf Graphic file (type pdf)
<use long_time_con_eps-eps-converted-to.pdf>
Package pdftex.def Info: long_time_con_eps-eps-converted-to.pdf  used on input 
line 1597.
(pdftex.def)             Requested size: 225.4804pt x 154.27655pt.
 [16 <./long_time_con-eps-converted-to.pdf> <./long_time_con_eps-eps-converted-
to.pdf>]
Package epstopdf Info: Source file: <wkb_vs_various_n_eps2.eps>
(epstopdf)                    date: 2026-06-18 17:28:48
(epstopdf)                    size: 820291 bytes
(epstopdf)             Output file: <wkb_vs_various_n_eps2-eps-converted-to.pdf
>
(epstopdf)                    date: 2026-06-18 17:54:09
(epstopdf)                    size: 324087 bytes
(epstopdf)             Command: <repstopdf --outfile=wkb_vs_various_n_eps2-eps-
converted-to.pdf wkb_vs_various_n_eps2.eps>
(epstopdf)             \includegraphics on input line 1664.
Package epstopdf Info: Output file is already uptodate.
<wkb_vs_various_n_eps2-eps-converted-to.pdf, id=379, 711.65875pt x 511.9125pt>
File: wkb_vs_various_n_eps2-eps-converted-to.pdf Graphic file (type pdf)
<use wkb_vs_various_n_eps2-eps-converted-to.pdf>
Package pdftex.def Info: wkb_vs_various_n_eps2-eps-converted-to.pdf  used on in
put line 1664.
(pdftex.def)             Requested size: 211.38832pt x 152.05176pt.
Package epstopdf Info: Source file: <wkb_vs_various_n_eps3.eps>
(epstopdf)                    date: 2026-06-18 17:27:48
(epstopdf)                    size: 452269 bytes
(epstopdf)             Output file: <wkb_vs_various_n_eps3-eps-converted-to.pdf
>
(epstopdf)                    date: 2026-06-18 17:54:09
(epstopdf)                    size: 185204 bytes
(epstopdf)             Command: <repstopdf --outfile=wkb_vs_various_n_eps3-eps-
converted-to.pdf wkb_vs_various_n_eps3.eps>
(epstopdf)             \includegraphics on input line 1665.
Package epstopdf Info: Output file is already uptodate.
<wkb_vs_various_n_eps3-eps-converted-to.pdf, id=380, 711.65875pt x 511.9125pt>
File: wkb_vs_various_n_eps3-eps-converted-to.pdf Graphic file (type pdf)
<use wkb_vs_various_n_eps3-eps-converted-to.pdf>
Package pdftex.def Info: wkb_vs_various_n_eps3-eps-converted-to.pdf  used on in
put line 1665.
(pdftex.def)             Requested size: 211.38832pt x 152.05176pt.
Package epstopdf Info: Source file: <wkb_vs_various_n_eps4.eps>
(epstopdf)                    date: 2026-06-18 17:24:47
(epstopdf)                    size: 263803 bytes
(epstopdf)             Output file: <wkb_vs_various_n_eps4-eps-converted-to.pdf
>
(epstopdf)                    date: 2026-06-18 17:54:09
(epstopdf)                    size: 116376 bytes
(epstopdf)             Command: <repstopdf --outfile=wkb_vs_various_n_eps4-eps-
converted-to.pdf wkb_vs_various_n_eps4.eps>
(epstopdf)             \includegraphics on input line 1667.
Package epstopdf Info: Output file is already uptodate.
<wkb_vs_various_n_eps4-eps-converted-to.pdf, id=381, 711.65875pt x 511.9125pt>
File: wkb_vs_various_n_eps4-eps-converted-to.pdf Graphic file (type pdf)
<use wkb_vs_various_n_eps4-eps-converted-to.pdf>
Package pdftex.def Info: wkb_vs_various_n_eps4-eps-converted-to.pdf  used on in
put line 1667.
(pdftex.def)             Requested size: 211.38832pt x 152.05176pt.
Package epstopdf Info: Source file: <wkb_vs_various_n_eps5.eps>
(epstopdf)                    date: 2026-06-18 17:25:21
(epstopdf)                    size: 235476 bytes
(epstopdf)             Output file: <wkb_vs_various_n_eps5-eps-converted-to.pdf
>
(epstopdf)                    date: 2026-06-18 17:54:10
(epstopdf)                    size: 93822 bytes
(epstopdf)             Command: <repstopdf --outfile=wkb_vs_various_n_eps5-eps-
converted-to.pdf wkb_vs_various_n_eps5.eps>
(epstopdf)             \includegraphics on input line 1668.
Package epstopdf Info: Output file is already uptodate.
<wkb_vs_various_n_eps5-eps-converted-to.pdf, id=382, 711.65875pt x 511.9125pt>
File: wkb_vs_various_n_eps5-eps-converted-to.pdf Graphic file (type pdf)
<use wkb_vs_various_n_eps5-eps-converted-to.pdf>
Package pdftex.def Info: wkb_vs_various_n_eps5-eps-converted-to.pdf  used on in
put line 1668.
(pdftex.def)             Requested size: 211.38832pt x 152.05176pt.
 [17 <./wkb_vs_various_n_eps2-eps-converted-to.pdf> <./wkb_vs_various_n_eps3-ep
s-converted-to.pdf> <./wkb_vs_various_n_eps4-eps-converted-to.pdf> <./wkb_vs_va
rious_n_eps5-eps-converted-to.pdf>]
Package epstopdf Info: Source file: <error_vs_dof.eps>
(epstopdf)                    date: 2026-06-18 17:49:20
(epstopdf)                    size: 229020 bytes
(epstopdf)             Output file: <error_vs_dof-eps-converted-to.pdf>
(epstopdf)                    date: 2026-06-18 17:54:10
(epstopdf)                    size: 275314 bytes
(epstopdf)             Command: <repstopdf --outfile=error_vs_dof-eps-converted
-to.pdf error_vs_dof.eps>
(epstopdf)             \includegraphics on input line 1759.
Package epstopdf Info: Output file is already uptodate.
<error_vs_dof-eps-converted-to.pdf, id=400, 1555.8125pt x 431.6125pt>
File: error_vs_dof-eps-converted-to.pdf Graphic file (type pdf)
<use error_vs_dof-eps-converted-to.pdf>
Package pdftex.def Info: error_vs_dof-eps-converted-to.pdf  used on input line 
1759.
(pdftex.def)             Requested size: 483.84709pt x 134.22656pt.

Overfull \hbox (14.09207pt too wide) in paragraph at lines 1759--1766
 [][] 
 []

Package epstopdf Info: Source file: <time_step_size_vs_eps_wkb.eps>
(epstopdf)                    date: 2026-06-12 11:11:26
(epstopdf)                    size: 61500 bytes
(epstopdf)             Output file: <time_step_size_vs_eps_wkb-eps-converted-to
.pdf>
(epstopdf)                    date: 2026-06-15 19:04:06
(epstopdf)                    size: 25325 bytes
(epstopdf)             Command: <repstopdf --outfile=time_step_size_vs_eps_wkb-
eps-converted-to.pdf time_step_size_vs_eps_wkb.eps>
(epstopdf)             \includegraphics on input line 1773.
Package epstopdf Info: Output file is already uptodate.
<time_step_size_vs_eps_wkb-eps-converted-to.pdf, id=401, 782.925pt x 582.175pt>

File: time_step_size_vs_eps_wkb-eps-converted-to.pdf Graphic file (type pdf)
<use time_step_size_vs_eps_wkb-eps-converted-to.pdf>
Package pdftex.def Info: time_step_size_vs_eps_wkb-eps-converted-to.pdf  used o
n input line 1773.
(pdftex.def)             Requested size: 220.78543pt x 164.1716pt.
Package epstopdf Info: Source file: <time_step_size_vs_eps_direct.eps>
(epstopdf)                    date: 2026-06-12 11:12:48
(epstopdf)                    size: 62516 bytes
(epstopdf)             Output file: <time_step_size_vs_eps_direct-eps-converted
-to.pdf>
(epstopdf)                    date: 2026-06-15 19:04:06
(epstopdf)                    size: 24479 bytes
(epstopdf)             Command: <repstopdf --outfile=time_step_size_vs_eps_dire
ct-eps-converted-to.pdf time_step_size_vs_eps_direct.eps>
(epstopdf)             \includegraphics on input line 1774.
Package epstopdf Info: Output file is already uptodate.
<time_step_size_vs_eps_direct-eps-converted-to.pdf, id=402, 782.925pt x 582.175
pt>
File: time_step_size_vs_eps_direct-eps-converted-to.pdf Graphic file (type pdf)

<use time_step_size_vs_eps_direct-eps-converted-to.pdf>
Package pdftex.def Info: time_step_size_vs_eps_direct-eps-converted-to.pdf  use
d on input line 1774.
(pdftex.def)             Requested size: 220.78543pt x 164.1716pt.
[18] [19 <./error_vs_dof-eps-converted-to.pdf> <./time_step_size_vs_eps_wkb-eps
-converted-to.pdf> <./time_step_size_vs_eps_direct-eps-converted-to.pdf>]
Package epstopdf Info: Source file: <example_2d.eps>
(epstopdf)                    date: 2026-06-18 17:52:06
(epstopdf)                    size: 203084 bytes
(epstopdf)             Output file: <example_2d-eps-converted-to.pdf>
(epstopdf)                    date: 2026-06-18 17:54:10
(epstopdf)                    size: 202654 bytes
(epstopdf)             Command: <repstopdf --outfile=example_2d-eps-converted-t
o.pdf example_2d.eps>
(epstopdf)             \includegraphics on input line 1883.
Package epstopdf Info: Output file is already uptodate.
<example_2d-eps-converted-to.pdf, id=422, 1154.3125pt x 431.6125pt>
File: example_2d-eps-converted-to.pdf Graphic file (type pdf)
<use example_2d-eps-converted-to.pdf>
Package pdftex.def Info: example_2d-eps-converted-to.pdf  used on input line 18
83.
(pdftex.def)             Requested size: 474.44998pt x 177.40352pt.

Overfull \hbox (4.69496pt too wide) in paragraph at lines 1883--1887
 [][] 
 []

[20 <./example_2d-eps-converted-to.pdf>] (./manuscript_AP_RML.bbl [21] [22])
[23] (./manuscript_AP_RML.aux)
Package rerunfilecheck Info: File `manuscript_AP_RML.out' has not changed.
(rerunfilecheck)             Checksum: 49F8BF2CFE95A2E9F24BD367EF41D9F7;4853.
 ) 
Here is how much of TeX's memory you used:
 10590 strings out of 476025
 167573 string characters out of 5790017
 1871388 words of memory out of 5000000
 30732 multiletter control sequences out of 15000+600000
 526850 words of font info for 85 fonts, out of 8000000 for 9000
 1141 hyphenation exceptions out of 8191
 63i,12n,67p,1272b,621s stack positions out of 10000i,1000n,20000p,200000b,200000s
</usr/local/texlive/2023/texmf-dist/fonts/type1/public/amsfonts/cm/cmbx10.pfb
></usr/local/texlive/2023/texmf-dist/fonts/type1/public/amsfonts/cm/cmbx12.pfb>
</usr/local/texlive/2023/texmf-dist/fonts/type1/public/amsfonts/cm/cmbx8.pfb></
usr/local/texlive/2023/texmf-dist/fonts/type1/public/amsfonts/cm/cmex10.pfb></u
sr/local/texlive/2023/texmf-dist/fonts/type1/public/amsfonts/cm/cmmi10.pfb></us
r/local/texlive/2023/texmf-dist/fonts/type1/public/amsfonts/cm/cmmi6.pfb></usr/
local/texlive/2023/texmf-dist/fonts/type1/public/amsfonts/cm/cmmi8.pfb></usr/lo
cal/texlive/2023/texmf-dist/fonts/type1/public/amsfonts/cm/cmmib10.pfb></usr/lo
cal/texlive/2023/texmf-dist/fonts/type1/public/amsfonts/cm/cmr10.pfb></usr/loca
l/texlive/2023/texmf-dist/fonts/type1/public/amsfonts/cm/cmr12.pfb></usr/local/
texlive/2023/texmf-dist/fonts/type1/public/amsfonts/cm/cmr17.pfb></usr/local/te
xlive/2023/texmf-dist/fonts/type1/public/amsfonts/cm/cmr8.pfb></usr/local/texli
ve/2023/texmf-dist/fonts/type1/public/amsfonts/cm/cmr9.pfb></usr/local/texlive/
2023/texmf-dist/fonts/type1/public/amsfonts/cm/cmsy10.pfb></usr/local/texlive/2
023/texmf-dist/fonts/type1/public/amsfonts/cm/cmsy6.pfb></usr/local/texlive/202
3/texmf-dist/fonts/type1/public/amsfonts/cm/cmsy8.pfb></usr/local/texlive/2023/
texmf-dist/fonts/type1/public/amsfonts/cm/cmti10.pfb></usr/local/texlive/2023/t
exmf-dist/fonts/type1/public/amsfonts/cm/cmtt9.pfb></usr/local/texlive/2023/tex
mf-dist/fonts/type1/public/amsfonts/symbols/msbm10.pfb></usr/local/texlive/2023
/texmf-dist/fonts/type1/public/cm-super/sfrm0600.pfb></usr/local/texlive/2023/t
exmf-dist/fonts/type1/public/cm-super/sfrm0800.pfb>
Output written on manuscript_AP_RML.pdf (23 pages, 2338276 bytes).
PDF statistics:
 576 PDF objects out of 1000 (max. 8388607)
 475 compressed objects within 5 object streams
 139 named destinations out of 1000 (max. 500000)
 223 words of extra memory for PDF output out of 10000 (max. 10000000)

