This is pdfTeX, Version 3.141592653-2.6-1.40.27 (TeX Live 2025) (preloaded format=pdflatex 2025.7.27)  7 JUN 2026 22:00
entering extended mode
 restricted \write18 enabled.
 file:line:error style messages enabled.
 %&-line parsing enabled.
**manuscript_AP_RML.tex
(./manuscript_AP_RML.tex
LaTeX2e <2024-11-01> patch level 2
L3 programming layer <2025-01-18>
(/usr/local/texlive/2025/texmf-dist/tex/latex/base/article.cls
Document Class: article 2024/06/29 v1.4n Standard LaTeX document class
(/usr/local/texlive/2025/texmf-dist/tex/latex/base/size11.clo
File: size11.clo 2024/06/29 v1.4n Standard LaTeX file (size option)
)
\c@part=\count196
\c@section=\count197
\c@subsection=\count198
\c@subsubsection=\count199
\c@paragraph=\count266
\c@subparagraph=\count267
\c@figure=\count268
\c@table=\count269
\abovecaptionskip=\skip49
\belowcaptionskip=\skip50
\bibindent=\dimen141
)
(/usr/local/texlive/2025/texmf-dist/tex/latex/graphics/graphicx.sty
Package: graphicx 2021/09/16 v1.2d Enhanced LaTeX Graphics (DPC,SPQR)

(/usr/local/texlive/2025/texmf-dist/tex/latex/graphics/keyval.sty
Package: keyval 2022/05/29 v1.15 key=value parser (DPC)
\KV@toks@=\toks17
)
(/usr/local/texlive/2025/texmf-dist/tex/latex/graphics/graphics.sty
Package: graphics 2024/08/06 v1.4g Standard LaTeX Graphics (DPC,SPQR)

(/usr/local/texlive/2025/texmf-dist/tex/latex/graphics/trig.sty
Package: trig 2023/12/02 v1.11 sin cos tan (DPC)
)
(/usr/local/texlive/2025/texmf-dist/tex/latex/graphics-cfg/graphics.cfg
File: graphics.cfg 2016/06/04 v1.11 sample graphics configuration
)
Package graphics Info: Driver file: pdftex.def on input line 106.

(/usr/local/texlive/2025/texmf-dist/tex/latex/graphics-def/pdftex.def
File: pdftex.def 2024/04/13 v1.2c Graphics/color driver for pdftex
))
\Gin@req@height=\dimen142
\Gin@req@width=\dimen143
)
(/usr/local/texlive/2025/texmf-dist/tex/latex/epstopdf-pkg/epstopdf.sty
Package: epstopdf 2020-01-24 v2.11 Conversion with epstopdf on the fly (HO)

(/usr/local/texlive/2025/texmf-dist/tex/generic/infwarerr/infwarerr.sty
Package: infwarerr 2019/12/03 v1.5 Providing info/warning/error messages (HO)
)
(/usr/local/texlive/2025/texmf-dist/tex/latex/grfext/grfext.sty
Package: grfext 2019/12/03 v1.3 Manage graphics extensions (HO)

(/usr/local/texlive/2025/texmf-dist/tex/generic/kvdefinekeys/kvdefinekeys.sty
Package: kvdefinekeys 2019-12-19 v1.6 Define keys (HO)
)) (/usr/local/texlive/2025/texmf-dist/tex/latex/kvoptions/kvoptions.sty
Package: kvoptions 2022-06-15 v3.15 Key value format for package options (HO)

(/usr/local/texlive/2025/texmf-dist/tex/generic/ltxcmds/ltxcmds.sty
Package: ltxcmds 2023-12-04 v1.26 LaTeX kernel commands for general use (HO)
)
(/usr/local/texlive/2025/texmf-dist/tex/latex/kvsetkeys/kvsetkeys.sty
Package: kvsetkeys 2022-10-05 v1.19 Key value parser (HO)
))
(/usr/local/texlive/2025/texmf-dist/tex/generic/pdftexcmds/pdftexcmds.sty
Package: pdftexcmds 2020-06-27 v0.33 Utility functions of pdfTeX for LuaTeX (HO
)

(/usr/local/texlive/2025/texmf-dist/tex/generic/iftex/iftex.sty
Package: iftex 2024/12/12 v1.0g TeX engine tests
)
Package pdftexcmds Info: \pdf@primitive is available.
Package pdftexcmds Info: \pdf@ifprimitive is available.
Package pdftexcmds Info: \pdfdraftmode found.
)
(/usr/local/texlive/2025/texmf-dist/tex/latex/epstopdf-pkg/epstopdf-base.sty
Package: epstopdf-base 2020-01-24 v2.11 Base part for package epstopdf
Package epstopdf-base Info: Redefining graphics rule for `.eps' on input line 4
85.
Package grfext Info: Graphics extension search list:
(grfext)             [.pdf,.png,.jpg,.mps,.jpeg,.jbig2,.jb2,.PDF,.PNG,.JPG,.JPE
G,.JBIG2,.JB2,.eps]
(grfext)             \AppendGraphicsExtensions on input line 504.

(/usr/local/texlive/2025/texmf-dist/tex/latex/latexconfig/epstopdf-sys.cfg
File: epstopdf-sys.cfg 2010/07/13 v1.3 Configuration of (r)epstopdf for TeX Liv
e
)))
(/usr/local/texlive/2025/texmf-dist/tex/latex/amsfonts/amssymb.sty
Package: amssymb 2013/01/14 v3.01 AMS font symbols

(/usr/local/texlive/2025/texmf-dist/tex/latex/amsfonts/amsfonts.sty
Package: amsfonts 2013/01/14 v3.01 Basic AMSFonts support
\@emptytoks=\toks18
\symAMSa=\mathgroup4
\symAMSb=\mathgroup5
LaTeX Font Info:    Redeclaring math symbol \hbar on input line 98.
LaTeX Font Info:    Overwriting math alphabet `\mathfrak' in version `bold'
(Font)                  U/euf/m/n --> U/euf/b/n on input line 106.
))
(/usr/local/texlive/2025/texmf-dist/tex/latex/amsmath/amsmath.sty
Package: amsmath 2024/11/05 v2.17t AMS math features
\@mathmargin=\skip51

For additional information on amsmath, use the `?' option.
(/usr/local/texlive/2025/texmf-dist/tex/latex/amsmath/amstext.sty
Package: amstext 2021/08/26 v2.01 AMS text

(/usr/local/texlive/2025/texmf-dist/tex/latex/amsmath/amsgen.sty
File: amsgen.sty 1999/11/30 v2.0 generic functions
\@emptytoks=\toks19
\ex@=\dimen144
))
(/usr/local/texlive/2025/texmf-dist/tex/latex/amsmath/amsbsy.sty
Package: amsbsy 1999/11/29 v1.2d Bold Symbols
\pmbraise@=\dimen145
)
(/usr/local/texlive/2025/texmf-dist/tex/latex/amsmath/amsopn.sty
Package: amsopn 2022/04/08 v2.04 operator names
)
\inf@bad=\count270
LaTeX Info: Redefining \frac on input line 233.
\uproot@=\count271
\leftroot@=\count272
LaTeX Info: Redefining \overline on input line 398.
LaTeX Info: Redefining \colon on input line 409.
\classnum@=\count273
\DOTSCASE@=\count274
LaTeX Info: Redefining \ldots on input line 495.
LaTeX Info: Redefining \dots on input line 498.
LaTeX Info: Redefining \cdots on input line 619.
\Mathstrutbox@=\box52
\strutbox@=\box53
LaTeX Info: Redefining \big on input line 721.
LaTeX Info: Redefining \Big on input line 722.
LaTeX Info: Redefining \bigg on input line 723.
LaTeX Info: Redefining \Bigg on input line 724.
\big@size=\dimen146
LaTeX Font Info:    Redeclaring font encoding OML on input line 742.
LaTeX Font Info:    Redeclaring font encoding OMS on input line 743.
\macc@depth=\count275
LaTeX Info: Redefining \bmod on input line 904.
LaTeX Info: Redefining \pmod on input line 909.
LaTeX Info: Redefining \smash on input line 939.
LaTeX Info: Redefining \relbar on input line 969.
LaTeX Info: Redefining \Relbar on input line 970.
\c@MaxMatrixCols=\count276
\dotsspace@=\muskip17
\c@parentequation=\count277
\dspbrk@lvl=\count278
\tag@help=\toks20
\row@=\count279
\column@=\count280
\maxfields@=\count281
\andhelp@=\toks21
\eqnshift@=\dimen147
\alignsep@=\dimen148
\tagshift@=\dimen149
\tagwidth@=\dimen150
\totwidth@=\dimen151
\lineht@=\dimen152
\@envbody=\toks22
\multlinegap=\skip52
\multlinetaggap=\skip53
\mathdisplay@stack=\toks23
LaTeX Info: Redefining \[ on input line 2953.
LaTeX Info: Redefining \] on input line 2954.
)
(/usr/local/texlive/2025/texmf-dist/tex/latex/amscls/amsthm.sty
Package: amsthm 2020/05/29 v2.20.6
\thm@style=\toks24
\thm@bodyfont=\toks25
\thm@headfont=\toks26
\thm@notefont=\toks27
\thm@headpunct=\toks28
\thm@preskip=\skip54
\thm@postskip=\skip55
\thm@headsep=\skip56
\dth@everypar=\toks29
)
(/usr/local/texlive/2025/texmf-dist/tex/latex/graphics/color.sty
Package: color 2024/06/23 v1.3e Standard LaTeX Color (DPC)

(/usr/local/texlive/2025/texmf-dist/tex/latex/graphics-cfg/color.cfg
File: color.cfg 2016/01/02 v1.6 sample color configuration
)
Package color Info: Driver file: pdftex.def on input line 149.

(/usr/local/texlive/2025/texmf-dist/tex/latex/graphics/mathcolor.ltx))
(/usr/local/texlive/2025/texmf-dist/tex/latex/geometry/geometry.sty
Package: geometry 2020/01/02 v5.9 Page Geometry

(/usr/local/texlive/2025/texmf-dist/tex/generic/iftex/ifvtex.sty
Package: ifvtex 2019/10/25 v1.7 ifvtex legacy package. Use iftex instead.
)
\Gm@cnth=\count282
\Gm@cntv=\count283
\c@Gm@tempcnt=\count284
\Gm@bindingoffset=\dimen153
\Gm@wd@mp=\dimen154
\Gm@odd@mp=\dimen155
\Gm@even@mp=\dimen156
\Gm@layoutwidth=\dimen157
\Gm@layoutheight=\dimen158
\Gm@layouthoffset=\dimen159
\Gm@layoutvoffset=\dimen160
\Gm@dimlist=\toks30
)
(/usr/local/texlive/2025/texmf-dist/tex/latex/hyperref/hyperref.sty
Package: hyperref 2024-11-05 v7.01l Hypertext links for LaTeX

(/usr/local/texlive/2025/texmf-dist/tex/generic/pdfescape/pdfescape.sty
Package: pdfescape 2019/12/09 v1.15 Implements pdfTeX's escape features (HO)
)
(/usr/local/texlive/2025/texmf-dist/tex/latex/hycolor/hycolor.sty
Package: hycolor 2020-01-27 v1.10 Color options for hyperref/bookmark (HO)
)
(/usr/local/texlive/2025/texmf-dist/tex/latex/hyperref/nameref.sty
Package: nameref 2023-11-26 v2.56 Cross-referencing by name of section

(/usr/local/texlive/2025/texmf-dist/tex/latex/refcount/refcount.sty
Package: refcount 2019/12/15 v3.6 Data extraction from label references (HO)
)
(/usr/local/texlive/2025/texmf-dist/tex/generic/gettitlestring/gettitlestring.s
ty
Package: gettitlestring 2019/12/15 v1.6 Cleanup title references (HO)
)
\c@section@level=\count285
) (/usr/local/texlive/2025/texmf-dist/tex/latex/etoolbox/etoolbox.sty
Package: etoolbox 2025/02/11 v2.5l e-TeX tools for LaTeX (JAW)
\etb@tempcnta=\count286
)
(/usr/local/texlive/2025/texmf-dist/tex/generic/stringenc/stringenc.sty
Package: stringenc 2019/11/29 v1.12 Convert strings between diff. encodings (HO
)
)
\@linkdim=\dimen161
\Hy@linkcounter=\count287
\Hy@pagecounter=\count288

(/usr/local/texlive/2025/texmf-dist/tex/latex/hyperref/pd1enc.def
File: pd1enc.def 2024-11-05 v7.01l Hyperref: PDFDocEncoding definition (HO)
Now handling font encoding PD1 ...
... no UTF-8 mapping file for font encoding PD1
)
(/usr/local/texlive/2025/texmf-dist/tex/generic/intcalc/intcalc.sty
Package: intcalc 2019/12/15 v1.3 Expandable calculations with integers (HO)
)
\Hy@SavedSpaceFactor=\count289

(/usr/local/texlive/2025/texmf-dist/tex/latex/hyperref/puenc.def
File: puenc.def 2024-11-05 v7.01l Hyperref: PDF Unicode definition (HO)
Now handling font encoding PU ...
... no UTF-8 mapping file for font encoding PU
)
Package hyperref Info: Hyper figures OFF on input line 4157.
Package hyperref Info: Link nesting OFF on input line 4162.
Package hyperref Info: Hyper index ON on input line 4165.
Package hyperref Info: Plain pages OFF on input line 4172.
Package hyperref Info: Backreferencing OFF on input line 4177.
Package hyperref Info: Implicit mode ON; LaTeX internals redefined.
Package hyperref Info: Bookmarks ON on input line 4424.
\c@Hy@tempcnt=\count290

(/usr/local/texlive/2025/texmf-dist/tex/latex/url/url.sty
\Urlmuskip=\muskip18
Package: url 2013/09/16  ver 3.4  Verb mode for urls, etc.
)
LaTeX Info: Redefining \url on input line 4763.
\XeTeXLinkMargin=\dimen162

(/usr/local/texlive/2025/texmf-dist/tex/generic/bitset/bitset.sty
Package: bitset 2019/12/09 v1.3 Handle bit-vector datatype (HO)

(/usr/local/texlive/2025/texmf-dist/tex/generic/bigintcalc/bigintcalc.sty
Package: bigintcalc 2019/12/15 v1.5 Expandable calculations on big integers (HO
)
))
\Fld@menulength=\count291
\Field@Width=\dimen163
\Fld@charsize=\dimen164
Package hyperref Info: Hyper figures OFF on input line 6042.
Package hyperref Info: Link nesting OFF on input line 6047.
Package hyperref Info: Hyper index ON on input line 6050.
Package hyperref Info: backreferencing OFF on input line 6057.
Package hyperref Info: Link coloring OFF on input line 6062.
Package hyperref Info: Link coloring with OCG OFF on input line 6067.
Package hyperref Info: PDF/A mode OFF on input line 6072.

(/usr/local/texlive/2025/texmf-dist/tex/latex/base/atbegshi-ltx.sty
Package: atbegshi-ltx 2021/01/10 v1.0c Emulation of the original atbegshi
package with kernel methods
)
\Hy@abspage=\count292
\c@Item=\count293
\c@Hfootnote=\count294
)
Package hyperref Info: Driver (autodetected): hpdftex.

(/usr/local/texlive/2025/texmf-dist/tex/latex/hyperref/hpdftex.def
File: hpdftex.def 2024-11-05 v7.01l Hyperref driver for pdfTeX

(/usr/local/texlive/2025/texmf-dist/tex/latex/base/atveryend-ltx.sty
Package: atveryend-ltx 2020/08/19 v1.0a Emulation of the original atveryend pac
kage
with kernel methods
)
\Fld@listcount=\count295
\c@bookmark@seq@number=\count296

(/usr/local/texlive/2025/texmf-dist/tex/latex/rerunfilecheck/rerunfilecheck.sty
Package: rerunfilecheck 2022-07-10 v1.10 Rerun checks for auxiliary files (HO)

(/usr/local/texlive/2025/texmf-dist/tex/generic/uniquecounter/uniquecounter.sty
Package: uniquecounter 2019/12/15 v1.4 Provide unlimited unique counter (HO)
)
Package uniquecounter Info: New unique counter `rerunfilecheck' on input line 2
85.
)
\Hy@SectionHShift=\skip57
) (/usr/local/texlive/2025/texmf-dist/tex/latex/booktabs/booktabs.sty
Package: booktabs 2020/01/12 v1.61803398 Publication quality tables
\heavyrulewidth=\dimen165
\lightrulewidth=\dimen166
\cmidrulewidth=\dimen167
\belowrulesep=\dimen168
\belowbottomsep=\dimen169
\aboverulesep=\dimen170
\abovetopsep=\dimen171
\cmidrulesep=\dimen172
\cmidrulekern=\dimen173
\defaultaddspace=\dimen174
\@cmidla=\count297
\@cmidlb=\count298
\@aboverulesep=\dimen175
\@belowrulesep=\dimen176
\@thisruleclass=\count299
\@lastruleclass=\count300
\@thisrulewidth=\dimen177
)
\c@theorem=\count301
\c@lemma=\count302
\c@proposition=\count303
\c@remark=\count304
\c@assumption=\count305

(/usr/local/texlive/2025/texmf-dist/tex/latex/l3backend/l3backend-pdftex.def
File: l3backend-pdftex.def 2024-05-08 L3 backend support: PDF output (pdfTeX)
\l__color_backend_stack_int=\count306
\l__pdf_internal_box=\box54
)
(./manuscript_AP_RML.aux

LaTeX Warning: Label `sec:WKB_scheme' multiply defined.

)
\openout1 = `manuscript_AP_RML.aux'.

LaTeX Font Info:    Checking defaults for OML/cmm/m/it on input line 57.
LaTeX Font Info:    ... okay on input line 57.
LaTeX Font Info:    Checking defaults for OMS/cmsy/m/n on input line 57.
LaTeX Font Info:    ... okay on input line 57.
LaTeX Font Info:    Checking defaults for OT1/cmr/m/n on input line 57.
LaTeX Font Info:    ... okay on input line 57.
LaTeX Font Info:    Checking defaults for T1/cmr/m/n on input line 57.
LaTeX Font Info:    ... okay on input line 57.
LaTeX Font Info:    Checking defaults for TS1/cmr/m/n on input line 57.
LaTeX Font Info:    ... okay on input line 57.
LaTeX Font Info:    Checking defaults for OMX/cmex/m/n on input line 57.
LaTeX Font Info:    ... okay on input line 57.
LaTeX Font Info:    Checking defaults for U/cmr/m/n on input line 57.
LaTeX Font Info:    ... okay on input line 57.
LaTeX Font Info:    Checking defaults for PD1/pdf/m/n on input line 57.
LaTeX Font Info:    ... okay on input line 57.
LaTeX Font Info:    Checking defaults for PU/pdf/m/n on input line 57.
LaTeX Font Info:    ... okay on input line 57.
 (/usr/local/texlive/2025/texmf-dist/tex/context/base/mkii/supp-pdf.mkii
[Loading MPS to PDF converter (version 2006.09.02).]
\scratchcounter=\count307
\scratchdimen=\dimen178
\scratchbox=\box55
\nofMPsegments=\count308
\nofMParguments=\count309
\everyMPshowfont=\toks31
\MPscratchCnt=\count310
\MPscratchDim=\dimen179
\MPnumerator=\count311
\makeMPintoPDFobject=\count312
\everyMPtoPDFconversion=\toks32
)
*geometry* driver: auto-detecting
*geometry* detected driver: pdftex
*geometry* verbose mode - [ preamble ] result:
* driver: pdftex
* paper: <default>
* layout: <same size as paper>
* layoutoffset:(h,v)=(0.0pt,0.0pt)
* modes: 
* h-part:(L,W,R)=(72.26999pt, 469.75502pt, 72.26999pt)
* v-part:(T,H,B)=(72.26999pt, 650.43001pt, 72.26999pt)
* \paperwidth=614.295pt
* \paperheight=794.96999pt
* \textwidth=469.75502pt
* \textheight=650.43001pt
* \oddsidemargin=0.0pt
* \evensidemargin=0.0pt
* \topmargin=-37.0pt
* \headheight=12.0pt
* \headsep=25.0pt
* \topskip=11.0pt
* \footskip=30.0pt
* \marginparwidth=59.0pt
* \marginparsep=10.0pt
* \columnsep=10.0pt
* \skip\footins=10.0pt plus 4.0pt minus 2.0pt
* \hoffset=0.0pt
* \voffset=0.0pt
* \mag=1000
* \@twocolumnfalse
* \@twosidefalse
* \@mparswitchfalse
* \@reversemarginfalse
* (1in=72.27pt=25.4mm, 1cm=28.453pt)

Package hyperref Info: Link coloring OFF on input line 57.
(./manuscript_AP_RML.out) (./manuscript_AP_RML.out)
\@outlinefile=\write3
\openout3 = `manuscript_AP_RML.out'.

LaTeX Font Info:    Trying to load font information for U+msa on input line 60.


(/usr/local/texlive/2025/texmf-dist/tex/latex/amsfonts/umsa.fd
File: umsa.fd 2013/01/14 v3.01 AMS symbols A
)
LaTeX Font Info:    Trying to load font information for U+msb on input line 60.


(/usr/local/texlive/2025/texmf-dist/tex/latex/amsfonts/umsb.fd
File: umsb.fd 2013/01/14 v3.01 AMS symbols B
)

[1

{/usr/local/texlive/2025/texmf-var/fonts/map/pdftex/updmap/pdftex.map}{/usr/loc
al/texlive/2025/texmf-dist/fonts/enc/dvips/cm-super/cm-super-ts1.enc}]

[2]

[3]

[4]

[5]

[6]

[7]

[8]

[9]

[10]
Overfull \hbox (5.41478pt too wide) in paragraph at lines 1093--1097
\OT1/cmr/m/n/10.95 Passing to the limit in the sta-tion-ary phase equa-tion giv
es the lim-it-ing dis-crete con-strained Hamilton--
 []



[11]

[12]

LaTeX Warning: Reference `fig:remainder_assumption' on page 13 undefined on inp
ut line 1302.

Package epstopdf Info: Source file: <rho_n_vs_wkb_10.eps>
(epstopdf)                    date: 2026-06-03 18:59:05
(epstopdf)                    size: 112463 bytes
(epstopdf)             Output file: <rho_n_vs_wkb_10-eps-converted-to.pdf>
(epstopdf)                    date: 2026-06-07 16:34:16
(epstopdf)                    size: 52773 bytes
(epstopdf)             Command: <repstopdf --outfile=rho_n_vs_wkb_10-eps-conver
ted-to.pdf rho_n_vs_wkb_10.eps>
(epstopdf)             \includegraphics on input line 1335.
Package epstopdf Info: Output file is already uptodate.
<rho_n_vs_wkb_10-eps-converted-to.pdf, id=292, 654.445pt x 412.54124pt>
File: rho_n_vs_wkb_10-eps-converted-to.pdf Graphic file (type pdf)
<use rho_n_vs_wkb_10-eps-converted-to.pdf>
Package pdftex.def Info: rho_n_vs_wkb_10-eps-converted-to.pdf  used on input li
ne 1335.
(pdftex.def)             Requested size: 230.18253pt x 145.09662pt.
Package epstopdf Info: Source file: <pk_n_vs_wkb_10.eps>
(epstopdf)                    date: 2026-06-03 18:59:42
(epstopdf)                    size: 216353 bytes
(epstopdf)             Output file: <pk_n_vs_wkb_10-eps-converted-to.pdf>
(epstopdf)                    date: 2026-06-07 16:34:17
(epstopdf)                    size: 86922 bytes
(epstopdf)             Command: <repstopdf --outfile=pk_n_vs_wkb_10-eps-convert
ed-to.pdf pk_n_vs_wkb_10.eps>
(epstopdf)             \includegraphics on input line 1336.
Package epstopdf Info: Output file is already uptodate.
<pk_n_vs_wkb_10-eps-converted-to.pdf, id=293, 654.445pt x 412.54124pt>
File: pk_n_vs_wkb_10-eps-converted-to.pdf Graphic file (type pdf)
<use pk_n_vs_wkb_10-eps-converted-to.pdf>
Package pdftex.def Info: pk_n_vs_wkb_10-eps-converted-to.pdf  used on input lin
e 1336.
(pdftex.def)             Requested size: 230.18253pt x 145.09662pt.


[13]
Package epstopdf Info: Source file: <long_time_con.eps>
(epstopdf)                    date: 2026-06-06 19:03:39
(epstopdf)                    size: 1157160 bytes
(epstopdf)             Output file: <long_time_con-eps-converted-to.pdf>
(epstopdf)                    date: 2026-06-07 16:34:17
(epstopdf)                    size: 285186 bytes
(epstopdf)             Command: <repstopdf --outfile=long_time_con-eps-converte
d-to.pdf long_time_con.eps>
(epstopdf)             \includegraphics on input line 1392.
Package epstopdf Info: Output file is already uptodate.
<long_time_con-eps-converted-to.pdf, id=305, 762.85pt x 521.95pt>
File: long_time_con-eps-converted-to.pdf Graphic file (type pdf)
<use long_time_con-eps-converted-to.pdf>
Package pdftex.def Info: long_time_con-eps-converted-to.pdf  used on input line
 1392.
(pdftex.def)             Requested size: 225.4804pt x 154.27655pt.
Package epstopdf Info: Source file: <long_time_con_eps.eps>
(epstopdf)                    date: 2026-06-04 09:55:50
(epstopdf)                    size: 234771 bytes
(epstopdf)             Output file: <long_time_con_eps-eps-converted-to.pdf>
(epstopdf)                    date: 2026-06-07 16:34:17
(epstopdf)                    size: 82668 bytes
(epstopdf)             Command: <repstopdf --outfile=long_time_con_eps-eps-conv
erted-to.pdf long_time_con_eps.eps>
(epstopdf)             \includegraphics on input line 1393.
Package epstopdf Info: Output file is already uptodate.
<long_time_con_eps-eps-converted-to.pdf, id=306, 762.85pt x 521.95pt>
File: long_time_con_eps-eps-converted-to.pdf Graphic file (type pdf)
<use long_time_con_eps-eps-converted-to.pdf>
Package pdftex.def Info: long_time_con_eps-eps-converted-to.pdf  used on input 
line 1393.
(pdftex.def)             Requested size: 225.4804pt x 154.27655pt.


[14 <./rho_n_vs_wkb_10-eps-converted-to.pdf> <./pk_n_vs_wkb_10-eps-converted-to
.pdf> <./long_time_con-eps-converted-to.pdf> <./long_time_con_eps-eps-converted
-to.pdf>]
Package epstopdf Info: Source file: <wkb_vs_various_n_eps2.eps>
(epstopdf)                    date: 2026-06-06 18:41:26
(epstopdf)                    size: 804604 bytes
(epstopdf)             Output file: <wkb_vs_various_n_eps2-eps-converted-to.pdf
>
(epstopdf)                    date: 2026-06-07 16:34:17
(epstopdf)                    size: 317562 bytes
(epstopdf)             Command: <repstopdf --outfile=wkb_vs_various_n_eps2-eps-
converted-to.pdf wkb_vs_various_n_eps2.eps>
(epstopdf)             \includegraphics on input line 1430.
Package epstopdf Info: Output file is already uptodate.
<wkb_vs_various_n_eps2-eps-converted-to.pdf, id=325, 711.65875pt x 511.9125pt>
File: wkb_vs_various_n_eps2-eps-converted-to.pdf Graphic file (type pdf)
<use wkb_vs_various_n_eps2-eps-converted-to.pdf>
Package pdftex.def Info: wkb_vs_various_n_eps2-eps-converted-to.pdf  used on in
put line 1430.
(pdftex.def)             Requested size: 140.92793pt x 101.36523pt.
Package epstopdf Info: Source file: <wkb_vs_various_n_eps3_816.eps>
(epstopdf)                    date: 2026-06-06 18:40:05
(epstopdf)                    size: 436123 bytes
(epstopdf)             Output file: <wkb_vs_various_n_eps3_816-eps-converted-to
.pdf>
(epstopdf)                    date: 2026-06-07 16:34:17
(epstopdf)                    size: 176646 bytes
(epstopdf)             Command: <repstopdf --outfile=wkb_vs_various_n_eps3_816-
eps-converted-to.pdf wkb_vs_various_n_eps3_816.eps>
(epstopdf)             \includegraphics on input line 1431.
Package epstopdf Info: Output file is already uptodate.
<wkb_vs_various_n_eps3_816-eps-converted-to.pdf, id=326, 711.65875pt x 511.9125
pt>
File: wkb_vs_various_n_eps3_816-eps-converted-to.pdf Graphic file (type pdf)
<use wkb_vs_various_n_eps3_816-eps-converted-to.pdf>
Package pdftex.def Info: wkb_vs_various_n_eps3_816-eps-converted-to.pdf  used o
n input line 1431.
(pdftex.def)             Requested size: 140.92793pt x 101.36523pt.
Package epstopdf Info: Source file: <wkb_vs_various_n_eps4.eps>
(epstopdf)                    date: 2026-06-06 18:42:35
(epstopdf)                    size: 288290 bytes
(epstopdf)             Output file: <wkb_vs_various_n_eps4-eps-converted-to.pdf
>
(epstopdf)                    date: 2026-06-07 16:34:18
(epstopdf)                    size: 129596 bytes
(epstopdf)             Command: <repstopdf --outfile=wkb_vs_various_n_eps4-eps-
converted-to.pdf wkb_vs_various_n_eps4.eps>
(epstopdf)             \includegraphics on input line 1432.
Package epstopdf Info: Output file is already uptodate.
<wkb_vs_various_n_eps4-eps-converted-to.pdf, id=327, 711.65875pt x 511.9125pt>
File: wkb_vs_various_n_eps4-eps-converted-to.pdf Graphic file (type pdf)
<use wkb_vs_various_n_eps4-eps-converted-to.pdf>
Package pdftex.def Info: wkb_vs_various_n_eps4-eps-converted-to.pdf  used on in
put line 1432.
(pdftex.def)             Requested size: 140.92793pt x 101.36523pt.


[15 <./wkb_vs_various_n_eps2-eps-converted-to.pdf> <./wkb_vs_various_n_eps3_816
-eps-converted-to.pdf> <./wkb_vs_various_n_eps4-eps-converted-to.pdf>]

[16] (./manuscript_AP_RML.bbl

[17]

[18])

[19] (./manuscript_AP_RML.aux)
 ***********
LaTeX2e <2024-11-01> patch level 2
L3 programming layer <2025-01-18>
 ***********


LaTeX Warning: There were undefined references.


LaTeX Warning: There were multiply-defined labels.

Package rerunfilecheck Info: File `manuscript_AP_RML.out' has not changed.
(rerunfilecheck)             Checksum: F16D2078BCF30616C3414BF3A38D5270;5167.
 ) 
Here is how much of TeX's memory you used:
 10865 strings out of 473190
 167399 string characters out of 5715800
 582804 words of memory out of 5000000
 33839 multiletter control sequences out of 15000+600000
 575073 words of font info for 96 fonts, out of 8000000 for 9000
 1141 hyphenation exceptions out of 8191
 63i,12n,67p,1272b,584s stack positions out of 10000i,1000n,20000p,200000b,200000s
</usr/local/texlive/2025/texmf-dist/fonts/type1/public/amsfonts/cm/cmbx10.pfb
></usr/local/texlive/2025/texmf-dist/fonts/type1/public/amsfonts/cm/cmbx12.pfb>
</usr/local/texlive/2025/texmf-dist/fonts/type1/public/amsfonts/cm/cmbx8.pfb></
usr/local/texlive/2025/texmf-dist/fonts/type1/public/amsfonts/cm/cmex10.pfb></u
sr/local/texlive/2025/texmf-dist/fonts/type1/public/amsfonts/cm/cmmi10.pfb></us
r/local/texlive/2025/texmf-dist/fonts/type1/public/amsfonts/cm/cmmi6.pfb></usr/
local/texlive/2025/texmf-dist/fonts/type1/public/amsfonts/cm/cmmi7.pfb></usr/lo
cal/texlive/2025/texmf-dist/fonts/type1/public/amsfonts/cm/cmmi8.pfb></usr/loca
l/texlive/2025/texmf-dist/fonts/type1/public/amsfonts/cm/cmmib10.pfb></usr/loca
l/texlive/2025/texmf-dist/fonts/type1/public/amsfonts/cm/cmr10.pfb></usr/local/
texlive/2025/texmf-dist/fonts/type1/public/amsfonts/cm/cmr12.pfb></usr/local/te
xlive/2025/texmf-dist/fonts/type1/public/amsfonts/cm/cmr17.pfb></usr/local/texl
ive/2025/texmf-dist/fonts/type1/public/amsfonts/cm/cmr7.pfb></usr/local/texlive
/2025/texmf-dist/fonts/type1/public/amsfonts/cm/cmr8.pfb></usr/local/texlive/20
25/texmf-dist/fonts/type1/public/amsfonts/cm/cmr9.pfb></usr/local/texlive/2025/
texmf-dist/fonts/type1/public/amsfonts/cm/cmsy10.pfb></usr/local/texlive/2025/t
exmf-dist/fonts/type1/public/amsfonts/cm/cmsy6.pfb></usr/local/texlive/2025/tex
mf-dist/fonts/type1/public/amsfonts/cm/cmsy8.pfb></usr/local/texlive/2025/texmf
-dist/fonts/type1/public/amsfonts/cm/cmti10.pfb></usr/local/texlive/2025/texmf-
dist/fonts/type1/public/amsfonts/cm/cmtt9.pfb></usr/local/texlive/2025/texmf-di
st/fonts/type1/public/amsfonts/symbols/msbm10.pfb></usr/local/texlive/2025/texm
f-dist/fonts/type1/public/cm-super/sfrm0600.pfb></usr/local/texlive/2025/texmf-
dist/fonts/type1/public/cm-super/sfrm0800.pfb>
Output written on manuscript_AP_RML.pdf (19 pages, 1475859 bytes).
PDF statistics:
 500 PDF objects out of 1000 (max. 8388607)
 419 compressed objects within 5 object streams
 123 named destinations out of 1000 (max. 500000)
 196 words of extra memory for PDF output out of 10000 (max. 10000000)

